C:\Program Files\Microsoft Visual Studio\2022\Community\MSBuild\Microsoft\VC\v170\Microsoft.CppBuild.targets(531,5): warning MSB8028: The intermediate directory (Release\) contains files shared from another project (AppleCatchingGame.vcxproj).  This can lead to incorrect clean and rebuild behavior.
  Enemy.cpp
E:\School 2024 - 2025\SFML_Project_BadMeteor\BadMeteors\C++Game\CalculateTheGame\AppleCatchingGame\Enemy.cpp(22,9): warning C4305: 'initializing': truncation from 'double' to 'float'
E:\School 2024 - 2025\SFML_Project_BadMeteor\BadMeteors\C++Game\CalculateTheGame\AppleCatchingGame\Enemy.cpp(23,16): warning C4305: 'initializing': truncation from 'double' to 'float'
E:\School 2024 - 2025\SFML_Project_BadMeteor\BadMeteors\C++Game\CalculateTheGame\AppleCatchingGame\Enemy.cpp(38,19): warning C4244: '=': conversion from 'int' to 'float', possible loss of data
  GameHandler.cpp
  MeteorBadMain.cpp
C:\Program Files\Microsoft Visual Studio\2022\Community\VC\Tools\MSVC\14.42.34433\include\optional(11): warning STL4038: The contents of <optional> are available only with C++17 or later.
  Player.cpp
E:\School 2024 - 2025\SFML_Project_BadMeteor\BadMeteors\C++Game\CalculateTheGame\AppleCatchingGame\Player.cpp(24,8): warning C4305: 'initializing': truncation from 'double' to 'float'
E:\School 2024 - 2025\SFML_Project_BadMeteor\BadMeteors\C++Game\CalculateTheGame\AppleCatchingGame\Player.cpp(25,16): warning C4305: 'initializing': truncation from 'double' to 'float'
  score.cpp
  UIHandler.cpp
  Vector2.cpp
  Generating code
  182 of 187 functions (97.3%) were compiled, the rest were copied from previous compilation.
    0 functions were new in current compilation
    1 functions had inline decision re-evaluated but remain unchanged
  Finished generating code
  AppleCatchingGame.vcxproj -> E:\School 2024 - 2025\SFML_Project_BadMeteor\BadMeteors\C++Game\CalculateTheGame\Release\MeteorBad.exe
