c:\users\pablo\desktop\c++game\calculatethegame\applecatchinggame\release\vc143.pdb
c:\users\pablo\desktop\c++game\calculatethegame\applecatchinggame\release\vector2.obj
c:\users\pablo\desktop\c++game\calculatethegame\applecatchinggame\release\uihandler.obj
c:\users\pablo\desktop\c++game\calculatethegame\applecatchinggame\release\player.obj
c:\users\pablo\desktop\c++game\calculatethegame\applecatchinggame\release\meteorbadmain.obj
c:\users\pablo\desktop\c++game\calculatethegame\applecatchinggame\release\gamehandler.obj
c:\users\pablo\desktop\c++game\calculatethegame\applecatchinggame\release\enemy.obj
c:\users\pablo\desktop\c++game\calculatethegame\applecatchinggame\release\score.obj
c:\users\pablo\desktop\c++game\calculatethegame\release\meteorbad.exe
c:\users\pablo\desktop\c++game\calculatethegame\release\meteorbad.pdb
c:\users\pablo\desktop\c++game\calculatethegame\applecatchinggame\release\meteorbad.ipdb
c:\users\pablo\desktop\c++game\calculatethegame\applecatchinggame\release\meteorbad.iobj
c:\users\pablo\desktop\c++game\calculatethegame\applecatchinggame\release\apple.obj
c:\users\pablo\desktop\c++game\calculatethegame\applecatchinggame\release\applecatchinggame.obj
c:\users\pablo\desktop\c++game\calculatethegame\applecatchinggame\release\gamelogic.obj
c:\users\pablo\desktop\c++game\calculatethegame\applecatchinggame\release\applecatchinggame.ipdb
c:\users\pablo\desktop\c++game\calculatethegame\applecatchinggame\release\applecatchinggame.iobj
c:\users\pablo\desktop\c++game\calculatethegame\applecatchinggame\release\meteorbad.tlog\cl.command.1.tlog
c:\users\pablo\desktop\c++game\calculatethegame\applecatchinggame\release\meteorbad.tlog\cl.items.tlog
c:\users\pablo\desktop\c++game\calculatethegame\applecatchinggame\release\meteorbad.tlog\cl.read.1.tlog
c:\users\pablo\desktop\c++game\calculatethegame\applecatchinggame\release\meteorbad.tlog\cl.write.1.tlog
c:\users\pablo\desktop\c++game\calculatethegame\applecatchinggame\release\meteorbad.tlog\link.command.1.tlog
c:\users\pablo\desktop\c++game\calculatethegame\applecatchinggame\release\meteorbad.tlog\link.read.1.tlog
c:\users\pablo\desktop\c++game\calculatethegame\applecatchinggame\release\meteorbad.tlog\link.secondary.1.tlog
c:\users\pablo\desktop\c++game\calculatethegame\applecatchinggame\release\meteorbad.tlog\link.write.1.tlog
